This file contains any messages produced by compilers while
running configure, to aid debugging if configure makes a mistake.

It was created by strelka_workflow configure VERSION, which was
generated by GNU Autoconf 2.63.  Invocation command line was

  $ ./configure --prefix=/home/conda/miniconda2/conda-bld/hla-polysolver_1533667146612/_h_env_placehold_placehold_placehold_placehold_placehold_placehold_placehold_placehold_placehold_placehold_placehold_placehold_placehold_placehold_placehold_placehold_placehold_placehold_placeh/share/strelka

## --------- ##
## Platform. ##
## --------- ##

hostname = 24c28b92866f
uname -m = x86_64
uname -r = 4.9.93-linuxkit-aufs
uname -s = Linux
uname -v = #1 SMP Wed Jun 6 16:55:56 UTC 2018

/usr/bin/uname -p = unknown
/bin/uname -X     = unknown

/bin/arch              = x86_64
/usr/bin/arch -k       = unknown
/usr/convex/getsysinfo = unknown
/usr/bin/hostinfo      = unknown
/bin/machine           = unknown
/usr/bin/oslevel       = unknown
/bin/universe          = unknown

PATH: /home/conda/miniconda2/conda-bld/hla-polysolver_1533667146612/_build_env/bin
PATH: /home/conda/miniconda2/conda-bld/hla-polysolver_1533667146612/_h_env_placehold_placehold_placehold_placehold_placehold_placehold_placehold_placehold_placehold_placehold_placehold_placehold_placehold_placehold_placehold_placehold_placehold_placehold_placeh/bin
PATH: /home/conda/miniconda2/conda-bld/hla-polysolver_1533667146612/_build_env
PATH: /home/conda/miniconda2/conda-bld/hla-polysolver_1533667146612/_build_env/bin
PATH: /home/conda/miniconda2/bin
PATH: /usr/local/sbin
PATH: /usr/local/bin
PATH: /usr/sbin
PATH: /usr/bin
PATH: /sbin
PATH: /bin


## ----------- ##
## Core tests. ##
## ----------- ##

configure:1794: checking for gcc
configure:1810: found /home/conda/miniconda2/bin/gcc
configure:1821: result: gcc
configure:2053: checking for C compiler version
configure:2061: gcc --version >&5
gcc (GCC) 5.4.0
Copyright (C) 2015 Free Software Foundation, Inc.
This is free software; see the source for copying conditions.  There is NO
warranty; not even for MERCHANTABILITY or FITNESS FOR A PARTICULAR PURPOSE.

configure:2065: $? = 0
configure:2072: gcc -v >&5
Reading specs from /home/conda/miniconda2/bin/../lib/gcc/x86_64-unknown-linux-gnu/5.4.0/specs
COLLECT_GCC=gcc
COLLECT_LTO_WRAPPER=/home/conda/miniconda2/bin/../gcc/libexec/gcc/x86_64-unknown-linux-gnu/5.4.0/lto-wrapper
Target: x86_64-unknown-linux-gnu
Configured with: ./configure --prefix=/home/conda/miniconda2/conda-bld/gcc_1532639980308/_h_env_placehold_placehold_placehold_placehold_placehold_placehold_placehold_placehold_placehold_placehold_placehold_placehold_placehold_placehold_placehold_placehold_placehold_placehold_placehold_placeho/gcc --with-gxx-include-dir=/home/conda/miniconda2/conda-bld/gcc_1532639980308/_h_env_placehold_placehold_placehold_placehold_placehold_placehold_placehold_placehold_placehold_placehold_placehold_placehold_placehold_placehold_placehold_placehold_placehold_placehold_placehold_placeho/gcc/include/c++ --bindir=/home/conda/miniconda2/conda-bld/gcc_1532639980308/_h_env_placehold_placehold_placehold_placehold_placehold_placehold_placehold_placehold_placehold_placehold_placehold_placehold_placehold_placehold_placehold_placehold_placehold_placehold_placehold_placeho/bin --datarootdir=/home/conda/miniconda2/conda-bld/gcc_1532639980308/_h_env_placehold_placehold_placehold_placehold_placehold_placehold_placehold_placehold_placehold_placehold_placehold_placehold_placehold_placehold_placehold_placehold_placehold_placehold_placehold_placeho/share --libdir=/home/conda/miniconda2/conda-bld/gcc_1532639980308/_h_env_placehold_placehold_placehold_placehold_placehold_placehold_placehold_placehold_placehold_placehold_placehold_placehold_placehold_placehold_placehold_placehold_placehold_placehold_placehold_placeho/lib --with-gmp=/home/conda/miniconda2/conda-bld/gcc_1532639980308/_h_env_placehold_placehold_placehold_placehold_placehold_placehold_placehold_placehold_placehold_placehold_placehold_placehold_placehold_placehold_placehold_placehold_placehold_placehold_placehold_placeho --with-mpfr=/home/conda/miniconda2/conda-bld/gcc_1532639980308/_h_env_placehold_placehold_placehold_placehold_placehold_placehold_placehold_placehold_placehold_placehold_placehold_placehold_placehold_placehold_placehold_placehold_placehold_placehold_placehold_placeho --with-mpc=/home/conda/miniconda2/conda-bld/gcc_1532639980308/_h_env_placehold_placehold_placehold_placehold_placehold_placehold_placehold_placehold_placehold_placehold_placehold_placehold_placehold_placehold_placehold_placehold_placehold_placehold_placehold_placeho --with-isl=/home/conda/miniconda2/conda-bld/gcc_1532639980308/_h_env_placehold_placehold_placehold_placehold_placehold_placehold_placehold_placehold_placehold_placehold_placehold_placehold_placehold_placehold_placehold_placehold_placehold_placehold_placehold_placeho --with-cloog=/home/conda/miniconda2/conda-bld/gcc_1532639980308/_h_env_placehold_placehold_placehold_placehold_placehold_placehold_placehold_placehold_placehold_placehold_placehold_placehold_placehold_placehold_placehold_placehold_placehold_placehold_placehold_placeho --enable-checking=release --with-tune=generic --disable-multilib
Thread model: posix
gcc version 5.4.0 (GCC) 
configure:2076: $? = 0
configure:2083: gcc -V >&5
gcc: error: unrecognized command line option '-V'
gcc: fatal error: no input files
compilation terminated.
configure:2087: $? = 1
configure:2110: checking for C compiler default output file name
configure:2132: gcc    conftest.c  >&5
configure:2136: $? = 0
configure:2174: result: a.out
configure:2193: checking whether the C compiler works
configure:2203: ./a.out
configure:2207: $? = 0
configure:2226: result: yes
configure:2233: checking whether we are cross compiling
configure:2235: result: no
configure:2238: checking for suffix of executables
configure:2245: gcc -o conftest    conftest.c  >&5
configure:2249: $? = 0
configure:2275: result: 
configure:2281: checking for suffix of object files
configure:2307: gcc -c   conftest.c >&5
configure:2311: $? = 0
configure:2336: result: o
configure:2340: checking whether we are using the GNU C compiler
configure:2369: gcc -c   conftest.c >&5
configure:2376: $? = 0
configure:2393: result: yes
configure:2402: checking whether gcc accepts -g
configure:2432: gcc -c -g  conftest.c >&5
configure:2439: $? = 0
configure:2540: result: yes
configure:2557: checking for gcc option to accept ISO C89
configure:2631: gcc  -c -g -O2  conftest.c >&5
configure:2638: $? = 0
configure:2661: result: none needed
configure:2737: checking for g++
configure:2753: found /home/conda/miniconda2/bin/g++
configure:2764: result: g++
configure:2791: checking for C++ compiler version
configure:2799: g++ --version >&5
g++ (GCC) 5.4.0
Copyright (C) 2015 Free Software Foundation, Inc.
This is free software; see the source for copying conditions.  There is NO
warranty; not even for MERCHANTABILITY or FITNESS FOR A PARTICULAR PURPOSE.

configure:2803: $? = 0
configure:2810: g++ -v >&5
Reading specs from /home/conda/miniconda2/bin/../lib/gcc/x86_64-unknown-linux-gnu/5.4.0/specs
COLLECT_GCC=g++
COLLECT_LTO_WRAPPER=/home/conda/miniconda2/bin/../gcc/libexec/gcc/x86_64-unknown-linux-gnu/5.4.0/lto-wrapper
Target: x86_64-unknown-linux-gnu
Configured with: ./configure --prefix=/home/conda/miniconda2/conda-bld/gcc_1532639980308/_h_env_placehold_placehold_placehold_placehold_placehold_placehold_placehold_placehold_placehold_placehold_placehold_placehold_placehold_placehold_placehold_placehold_placehold_placehold_placehold_placeho/gcc --with-gxx-include-dir=/home/conda/miniconda2/conda-bld/gcc_1532639980308/_h_env_placehold_placehold_placehold_placehold_placehold_placehold_placehold_placehold_placehold_placehold_placehold_placehold_placehold_placehold_placehold_placehold_placehold_placehold_placehold_placeho/gcc/include/c++ --bindir=/home/conda/miniconda2/conda-bld/gcc_1532639980308/_h_env_placehold_placehold_placehold_placehold_placehold_placehold_placehold_placehold_placehold_placehold_placehold_placehold_placehold_placehold_placehold_placehold_placehold_placehold_placehold_placeho/bin --datarootdir=/home/conda/miniconda2/conda-bld/gcc_1532639980308/_h_env_placehold_placehold_placehold_placehold_placehold_placehold_placehold_placehold_placehold_placehold_placehold_placehold_placehold_placehold_placehold_placehold_placehold_placehold_placehold_placeho/share --libdir=/home/conda/miniconda2/conda-bld/gcc_1532639980308/_h_env_placehold_placehold_placehold_placehold_placehold_placehold_placehold_placehold_placehold_placehold_placehold_placehold_placehold_placehold_placehold_placehold_placehold_placehold_placehold_placeho/lib --with-gmp=/home/conda/miniconda2/conda-bld/gcc_1532639980308/_h_env_placehold_placehold_placehold_placehold_placehold_placehold_placehold_placehold_placehold_placehold_placehold_placehold_placehold_placehold_placehold_placehold_placehold_placehold_placehold_placeho --with-mpfr=/home/conda/miniconda2/conda-bld/gcc_1532639980308/_h_env_placehold_placehold_placehold_placehold_placehold_placehold_placehold_placehold_placehold_placehold_placehold_placehold_placehold_placehold_placehold_placehold_placehold_placehold_placehold_placeho --with-mpc=/home/conda/miniconda2/conda-bld/gcc_1532639980308/_h_env_placehold_placehold_placehold_placehold_placehold_placehold_placehold_placehold_placehold_placehold_placehold_placehold_placehold_placehold_placehold_placehold_placehold_placehold_placehold_placeho --with-isl=/home/conda/miniconda2/conda-bld/gcc_1532639980308/_h_env_placehold_placehold_placehold_placehold_placehold_placehold_placehold_placehold_placehold_placehold_placehold_placehold_placehold_placehold_placehold_placehold_placehold_placehold_placehold_placeho --with-cloog=/home/conda/miniconda2/conda-bld/gcc_1532639980308/_h_env_placehold_placehold_placehold_placehold_placehold_placehold_placehold_placehold_placehold_placehold_placehold_placehold_placehold_placehold_placehold_placehold_placehold_placehold_placehold_placeho --enable-checking=release --with-tune=generic --disable-multilib
Thread model: posix
gcc version 5.4.0 (GCC) 
configure:2814: $? = 0
configure:2821: g++ -V >&5
g++: error: unrecognized command line option '-V'
g++: fatal error: no input files
compilation terminated.
configure:2825: $? = 1
configure:2828: checking whether we are using the GNU C++ compiler
configure:2857: g++ -c   conftest.cpp >&5
configure:2864: $? = 0
configure:2881: result: yes
configure:2890: checking whether g++ accepts -g
configure:2920: g++ -c -g  conftest.cpp >&5
configure:2927: $? = 0
configure:3028: result: yes
configure:3192: creating ./config.status

## ---------------------- ##
## Running config.status. ##
## ---------------------- ##

This file was extended by strelka_workflow config.status VERSION, which was
generated by GNU Autoconf 2.63.  Invocation command line was

  CONFIG_FILES    = 
  CONFIG_HEADERS  = 
  CONFIG_LINKS    = 
  CONFIG_COMMANDS = 
  $ ./config.status 

on 24c28b92866f

config.status:645: creating Makefile

## ---------------- ##
## Cache variables. ##
## ---------------- ##

ac_cv_c_compiler_gnu=yes
ac_cv_cxx_compiler_gnu=yes
ac_cv_env_CCC_set=
ac_cv_env_CCC_value=
ac_cv_env_CC_set=
ac_cv_env_CC_value=
ac_cv_env_CFLAGS_set=
ac_cv_env_CFLAGS_value=
ac_cv_env_CPPFLAGS_set=
ac_cv_env_CPPFLAGS_value=
ac_cv_env_CXXFLAGS_set=
ac_cv_env_CXXFLAGS_value=
ac_cv_env_CXX_set=
ac_cv_env_CXX_value=
ac_cv_env_LDFLAGS_set=
ac_cv_env_LDFLAGS_value=
ac_cv_env_LIBS_set=
ac_cv_env_LIBS_value=
ac_cv_env_build_alias_set=
ac_cv_env_build_alias_value=
ac_cv_env_host_alias_set=
ac_cv_env_host_alias_value=
ac_cv_env_target_alias_set=
ac_cv_env_target_alias_value=
ac_cv_objext=o
ac_cv_prog_ac_ct_CC=gcc
ac_cv_prog_ac_ct_CXX=g++
ac_cv_prog_cc_c89=
ac_cv_prog_cc_g=yes
ac_cv_prog_cxx_g=yes

## ----------------- ##
## Output variables. ##
## ----------------- ##

CC='gcc'
CFLAGS='-g -O2'
CPPFLAGS=''
CXX='g++'
CXXFLAGS='-g -O2'
DEFS='-DPACKAGE_NAME=\"strelka_workflow\" -DPACKAGE_TARNAME=\"strelka_workflow\" -DPACKAGE_VERSION=\"VERSION\" -DPACKAGE_STRING=\"strelka_workflow\ VERSION\" -DPACKAGE_BUGREPORT=\"csaunders@illumina.com\"'
ECHO_C=''
ECHO_N='-n'
ECHO_T=''
EXEEXT=''
LDFLAGS=''
LIBOBJS=''
LIBS=''
LTLIBOBJS=''
OBJEXT='o'
PACKAGE_BUGREPORT='csaunders@illumina.com'
PACKAGE_NAME='strelka_workflow'
PACKAGE_STRING='strelka_workflow VERSION'
PACKAGE_TARNAME='strelka_workflow'
PACKAGE_VERSION='VERSION'
PATH_SEPARATOR=':'
SHELL='/bin/sh'
ac_ct_CC='gcc'
ac_ct_CXX='g++'
bindir='${exec_prefix}/bin'
build_alias=''
datadir='${datarootdir}'
datarootdir='${prefix}/share'
docdir='${datarootdir}/doc/${PACKAGE_TARNAME}'
dvidir='${docdir}'
exec_prefix='${prefix}'
host_alias=''
htmldir='${docdir}'
includedir='${prefix}/include'
infodir='${datarootdir}/info'
libdir='${exec_prefix}/lib'
libexecdir='${exec_prefix}/libexec'
localedir='${datarootdir}/locale'
localstatedir='${prefix}/var'
mandir='${datarootdir}/man'
oldincludedir='/usr/include'
pdfdir='${docdir}'
prefix='/home/conda/miniconda2/conda-bld/hla-polysolver_1533667146612/_h_env_placehold_placehold_placehold_placehold_placehold_placehold_placehold_placehold_placehold_placehold_placehold_placehold_placehold_placehold_placehold_placehold_placehold_placehold_placeh/share/strelka'
program_transform_name='s,x,x,'
psdir='${docdir}'
sbindir='${exec_prefix}/sbin'
sharedstatedir='${prefix}/com'
sysconfdir='${prefix}/etc'
target_alias=''

## ----------- ##
## confdefs.h. ##
## ----------- ##

#define PACKAGE_NAME "strelka_workflow"
#define PACKAGE_TARNAME "strelka_workflow"
#define PACKAGE_VERSION "VERSION"
#define PACKAGE_STRING "strelka_workflow VERSION"
#define PACKAGE_BUGREPORT "csaunders@illumina.com"

configure: exit 0
